Arguments: 
  /opt/homebrew/Cellar/node@14/14.19.0/bin/node /opt/homebrew/Cellar/yarn/1.22.17_2/libexec/bin/yarn.js add typescript -D

PATH: 
  /opt/homebrew/opt/node@14/bin:/opt/homebrew/bin:/opt/homebrew/sbin:/usr/local/bin:/usr/bin:/bin:/usr/sbin:/sbin:/opt/homebrew/opt/node@14/bin:/opt/homebrew/bin:/opt/homebrew/sbin

Yarn version: 
  1.22.17

Node version: 
  14.19.0

Platform: 
  darwin arm64

Trace: 
  Error: https://registry.yarnpkg.com/typescript: ETIMEDOUT
      at Timeout._onTimeout (/opt/homebrew/Cellar/yarn/1.22.17_2/libexec/lib/cli.js:141543:19)
      at listOnTimeout (internal/timers.js:557:17)
      at processTimers (internal/timers.js:500:7)

npm manifest: 
  {
    "devDependencies": {},
    "dependencies": {},
    "name": "string-helpers",
    "version": "1.0.0",
    "description": "useful string helpers",
    "main": "index.js",
    "repository": "https://github.com/igbominadeveloper/string-helpers",
    "author": "Favour Afolayan <favourafolayan@gmail.com>",
    "license": "MIT"
  }

yarn manifest: 
  No manifest

Lockfile: 
  # THIS IS AN AUTOGENERATED FILE. DO NOT EDIT THIS FILE DIRECTLY.
  # yarn lockfile v1
